<?xml version="1.0" encoding="UTF-8"?>
<!-- Generated by org.testng.reporters.JUnitReportReporter -->
<testsuite hostname="DESKTOP-E03M5RK" failures="0" tests="1" name="testCases.ExecuteTestZaleniumFirefox" time="45.280" errors="0" timestamp="23 Dec 2024 23:03:05 GMT">
  <testcase classname="testCases.ExecuteTestZaleniumFirefox" name="test1" time="45.280"/>
</testsuite> <!-- testCases.ExecuteTestZaleniumFirefox -->
